GET /mat?page=1&limit=5 500 - - 1167.752 ms Mon, 29 May 2023 05:16:14 GMT application/json
GET /mat?page=1&limit=5 200 - - 154.026 ms Mon, 29 May 2023 05:17:01 GMT application/json
GET /mat?page=6&limit=5 200 - - 11.329 ms Mon, 29 May 2023 05:17:13 GMT application/json
GET /mat/1 200 - - 6.465 ms Mon, 29 May 2023 05:17:21 GMT application/json
GET /mat/100 404 - - 3.299 ms Mon, 29 May 2023 05:17:27 GMT application/json
POST /mat/100 404 - - 399.560 ms Mon, 29 May 2023 05:17:30 GMT application/json
DELETE /mat/100 404 - - 6.107 ms Mon, 29 May 2023 05:17:39 GMT application/json
GET /car 500 - - 597.400 ms Tue, 30 May 2023 18:05:01 GMT -
GET /favicon.ico 404 - - 700.268 ms Tue, 30 May 2023 18:05:01 GMT -
GET /mat 500 - - 44.396 ms Tue, 30 May 2023 18:05:12 GMT -
GET /stylesheets/style.css 200 - - 4.046 ms Tue, 30 May 2023 18:05:12 GMT -
GET /car 500 - - 68.756 ms Tue, 30 May 2023 18:14:12 GMT -
GET /car 500 - - 6.943 ms Tue, 30 May 2023 18:14:14 GMT -
GET /car 500 - - 5.395 ms Tue, 30 May 2023 18:14:15 GMT -
GET /car 500 - - 76.515 ms Tue, 30 May 2023 18:16:06 GMT -
GET /car 500 - - 7.464 ms Tue, 30 May 2023 18:16:07 GMT -
GET /api-docs/ 200 - - 10.431 ms Tue, 30 May 2023 18:18:03 GMT -
GET /api-docs/swagger-ui-init.js 200 - - 3.444 ms Tue, 30 May 2023 18:18:03 GMT -
GET /api-docs/swagger-ui.css 200 - - 16.051 ms Tue, 30 May 2023 18:18:03 GMT -
GET /api-docs/swagger-ui-standalone-preset.js 200 - - 13.703 ms Tue, 30 May 2023 18:18:03 GMT -
GET /api-docs/swagger-ui-bundle.js 200 - - 15.220 ms Tue, 30 May 2023 18:18:03 GMT -
GET /api-docs/favicon-32x32.png 200 - - 1.720 ms Tue, 30 May 2023 18:18:03 GMT -
GET /api-docs/car 200 - - 2.276 ms Tue, 30 May 2023 18:18:12 GMT -
GET /api-docs/swagger-ui.css 304 - - 26.787 ms Tue, 30 May 2023 18:18:12 GMT -
GET /api-docs/swagger-ui-bundle.js 304 - - 26.227 ms Tue, 30 May 2023 18:18:12 GMT -
GET /api-docs/swagger-ui-init.js 304 - - 24.066 ms Tue, 30 May 2023 18:18:12 GMT -
GET /api-docs/swagger-ui-standalone-preset.js 304 - - 26.135 ms Tue, 30 May 2023 18:18:12 GMT -
GET /car 500 - - 62.240 ms Tue, 30 May 2023 18:18:33 GMT -
GET /api-docs/ 304 - - 9.632 ms Tue, 30 May 2023 18:23:37 GMT -
GET /api-docs/swagger-ui.css 304 - - 6.425 ms Tue, 30 May 2023 18:23:37 GMT -
GET /api-docs/swagger-ui-bundle.js 304 - - 5.643 ms Tue, 30 May 2023 18:23:37 GMT -
GET /api-docs/swagger-ui-init.js 200 - - 3.926 ms Tue, 30 May 2023 18:23:37 GMT -
GET /api-docs/swagger-ui-standalone-preset.js 304 - - 6.369 ms Tue, 30 May 2023 18:23:37 GMT -
GET /api-docs/ 304 - - 8.666 ms Tue, 30 May 2023 18:26:39 GMT -
GET /api-docs/swagger-ui.css 304 - - 3.837 ms Tue, 30 May 2023 18:26:39 GMT -
GET /api-docs/swagger-ui-init.js 200 - - 2.071 ms Tue, 30 May 2023 18:26:39 GMT -
GET /api-docs/swagger-ui-bundle.js 304 - - 6.736 ms Tue, 30 May 2023 18:26:39 GMT -
GET /api-docs/swagger-ui-standalone-preset.js 304 - - 3.999 ms Tue, 30 May 2023 18:26:39 GMT -
GET /api-docs/favicon-32x32.png 304 - - 1.174 ms Tue, 30 May 2023 18:26:39 GMT -
GET /api-docs/ 304 - - 8.918 ms Tue, 30 May 2023 18:29:33 GMT -
GET /api-docs/swagger-ui.css 304 - - 5.247 ms Tue, 30 May 2023 18:29:34 GMT -
GET /api-docs/swagger-ui-bundle.js 304 - - 4.900 ms Tue, 30 May 2023 18:29:34 GMT -
GET /api-docs/swagger-ui-init.js 200 - - 4.509 ms Tue, 30 May 2023 18:29:34 GMT -
GET /api-docs/swagger-ui-standalone-preset.js 304 - - 6.878 ms Tue, 30 May 2023 18:29:34 GMT -
GET /api-docs/favicon-32x32.png 304 - - 1.078 ms Tue, 30 May 2023 18:29:34 GMT -
GET /alum 500 - - 59.997 ms Tue, 30 May 2023 18:30:03 GMT -
GET /api-docs/ 304 - - 8.587 ms Tue, 30 May 2023 18:31:04 GMT -
GET /api-docs/swagger-ui.css 304 - - 5.003 ms Tue, 30 May 2023 18:31:04 GMT -
GET /api-docs/swagger-ui-bundle.js 304 - - 4.787 ms Tue, 30 May 2023 18:31:04 GMT -
GET /api-docs/swagger-ui-init.js 200 - - 3.861 ms Tue, 30 May 2023 18:31:04 GMT -
GET /api-docs/swagger-ui-standalone-preset.js 304 - - 6.333 ms Tue, 30 May 2023 18:31:04 GMT -
GET /api-docs/favicon-32x32.png 304 - - 1.611 ms Tue, 30 May 2023 18:31:04 GMT -
GET /alum 500 - - 60.496 ms Tue, 30 May 2023 18:31:11 GMT -
GET /alum 500 - - 6.955 ms Tue, 30 May 2023 18:31:14 GMT -
GET /alum 500 - - 8.799 ms Tue, 30 May 2023 18:31:15 GMT -
GET /api-docs/ 304 - - 9.825 ms Tue, 30 May 2023 18:51:43 GMT -
GET /api-docs/swagger-ui.css 304 - - 5.548 ms Tue, 30 May 2023 18:51:43 GMT -
GET /api-docs/swagger-ui-bundle.js 304 - - 4.142 ms Tue, 30 May 2023 18:51:43 GMT -
GET /api-docs/swagger-ui-init.js 304 - - 2.078 ms Tue, 30 May 2023 18:51:43 GMT -
GET /api-docs/swagger-ui-standalone-preset.js 304 - - 3.835 ms Tue, 30 May 2023 18:51:43 GMT -
GET /alum 500 - - 74.620 ms Tue, 30 May 2023 18:52:00 GMT -
GET /alum 500 - - 9.932 ms Tue, 30 May 2023 18:54:39 GMT -
GET /alum 500 - - 89.757 ms Tue, 30 May 2023 18:56:17 GMT -
GET /alum 500 - - 69.614 ms Tue, 30 May 2023 20:16:27 GMT -
GET /alum 500 - - 7.700 ms Tue, 30 May 2023 20:16:28 GMT -
GET /alum 500 - - 5.857 ms Tue, 30 May 2023 20:16:28 GMT -
GET /alum 500 - - 7.054 ms Tue, 30 May 2023 20:16:29 GMT -
GET /alum 500 - - 8.359 ms Tue, 30 May 2023 20:16:30 GMT -
GET /alum 500 - - 6.107 ms Tue, 30 May 2023 20:16:35 GMT -
GET /alum 500 - - 5.425 ms Tue, 30 May 2023 20:16:36 GMT -
GET /alum 500 - - 9.515 ms Tue, 30 May 2023 20:16:37 GMT -
GET /alum 500 - - 7.291 ms Tue, 30 May 2023 20:16:38 GMT -
GET /alum 500 - - 7.390 ms Tue, 30 May 2023 20:16:39 GMT -
GET /alum?limit=1&page=10 200 - - 14.199 ms Tue, 30 May 2023 20:17:12 GMT -
GET /alum 500 - - 5.899 ms Tue, 30 May 2023 20:17:16 GMT -
GET /alum 500 - - 7.094 ms Tue, 30 May 2023 20:17:16 GMT -
GET /mat?limit=1&page=10 200 - - 17.161 ms Tue, 30 May 2023 20:17:24 GMT -
GET /api-docs/ 304 - - 4.261 ms Tue, 30 May 2023 20:17:32 GMT -
GET /api-docs/swagger-ui.css 304 - - 5.674 ms Tue, 30 May 2023 20:17:32 GMT -
GET /api-docs/swagger-ui-bundle.js 304 - - 5.358 ms Tue, 30 May 2023 20:17:32 GMT -
GET /api-docs/swagger-ui-standalone-preset.js 304 - - 5.860 ms Tue, 30 May 2023 20:17:32 GMT -
GET /api-docs/swagger-ui-init.js 304 - - 1.870 ms Tue, 30 May 2023 20:17:32 GMT -
GET /alum 500 - - 13.300 ms Tue, 30 May 2023 20:17:55 GMT -
GET /api-docs/ 200 - - 8.586 ms Tue, 30 May 2023 20:18:48 GMT -
GET /api-docs/swagger-ui.css 304 - - 5.325 ms Tue, 30 May 2023 20:18:48 GMT -
GET /api-docs/swagger-ui-bundle.js 304 - - 6.818 ms Tue, 30 May 2023 20:18:48 GMT -
GET /api-docs/swagger-ui-standalone-preset.js 304 - - 4.451 ms Tue, 30 May 2023 20:18:48 GMT -
GET /api-docs/swagger-ui-init.js 200 - - 4.865 ms Tue, 30 May 2023 20:18:48 GMT -
GET /api-docs/favicon-32x32.png 304 - - 1.373 ms Tue, 30 May 2023 20:18:48 GMT -
GET /alum?limit=1&page=10 304 - - 96.140 ms Tue, 30 May 2023 20:18:54 GMT -
GET /alum 500 - - 15.655 ms Tue, 30 May 2023 20:23:24 GMT -
GET /alum?limit=1&page=10 304 - - 9.824 ms Tue, 30 May 2023 20:23:26 GMT -
GET /car 500 - - 11.475 ms Tue, 30 May 2023 20:28:13 GMT -
GET /car 500 - - 78.094 ms Tue, 30 May 2023 20:30:19 GMT -
GET /alum 500 - - 9.543 ms Tue, 30 May 2023 20:30:21 GMT -
GET /alum 500 - - 7.399 ms Tue, 30 May 2023 20:30:21 GMT -
GET /alum 500 - - 4.960 ms Tue, 30 May 2023 20:30:23 GMT -
GET /api-docs/ 304 - - 9.404 ms Tue, 30 May 2023 20:35:20 GMT -
GET /api-docs/swagger-ui.css 304 - - 6.515 ms Tue, 30 May 2023 20:35:20 GMT -
GET /api-docs/swagger-ui-bundle.js 304 - - 6.111 ms Tue, 30 May 2023 20:35:20 GMT -
GET /api-docs/swagger-ui-standalone-preset.js 304 - - 6.563 ms Tue, 30 May 2023 20:35:20 GMT -
GET /api-docs/swagger-ui-init.js 200 - - 2.770 ms Tue, 30 May 2023 20:35:20 GMT -
GET /api-docs/favicon-32x32.png 304 - - 1.167 ms Tue, 30 May 2023 20:35:20 GMT -
GET /alum 500 - - 91.314 ms Tue, 30 May 2023 20:36:27 GMT -
GET /alum 500 - - 7.468 ms Tue, 30 May 2023 20:36:28 GMT -
GET /alum 500 - - 6.142 ms Tue, 30 May 2023 20:36:29 GMT -
GET /alum 500 - - 6.031 ms Tue, 30 May 2023 20:36:36 GMT -
GET /api-docs/ 304 - - 9.580 ms Tue, 30 May 2023 20:57:20 GMT -
GET /api-docs/swagger-ui.css 304 - - 6.560 ms Tue, 30 May 2023 20:57:20 GMT -
GET /api-docs/swagger-ui-bundle.js 304 - - 9.122 ms Tue, 30 May 2023 20:57:20 GMT -
GET /api-docs/swagger-ui-init.js 200 - - 3.046 ms Tue, 30 May 2023 20:57:20 GMT -
GET /api-docs/swagger-ui-standalone-preset.js 304 - - 5.430 ms Tue, 30 May 2023 20:57:20 GMT -
GET /api-docs/ 304 - - 9.866 ms Tue, 30 May 2023 20:59:18 GMT -
GET /api-docs/swagger-ui.css 304 - - 6.592 ms Tue, 30 May 2023 20:59:18 GMT -
GET /api-docs/swagger-ui-bundle.js 304 - - 6.077 ms Tue, 30 May 2023 20:59:18 GMT -
GET /api-docs/swagger-ui-init.js 304 - - 4.132 ms Tue, 30 May 2023 20:59:18 GMT -
GET /api-docs/swagger-ui-standalone-preset.js 304 - - 6.802 ms Tue, 30 May 2023 20:59:18 GMT -
GET /api-docs/favicon-32x32.png 304 - - 2.012 ms Tue, 30 May 2023 20:59:18 GMT -
GET /api-docs/ 304 - - 7.809 ms Tue, 30 May 2023 21:01:42 GMT -
GET /api-docs/swagger-ui.css 304 - - 5.744 ms Tue, 30 May 2023 21:01:42 GMT -
GET /api-docs/swagger-ui-bundle.js 304 - - 5.871 ms Tue, 30 May 2023 21:01:42 GMT -
GET /api-docs/swagger-ui-standalone-preset.js 304 - - 5.974 ms Tue, 30 May 2023 21:01:42 GMT -
GET /api-docs/swagger-ui-init.js 304 - - 2.422 ms Tue, 30 May 2023 21:01:42 GMT -
GET /api-docs/favicon-32x32.png 304 - - 1.216 ms Tue, 30 May 2023 21:01:42 GMT -
GET /api-docs/ 304 - - 1.985 ms Tue, 30 May 2023 21:01:45 GMT -
GET /api-docs/swagger-ui-init.js 304 - - 1.582 ms Tue, 30 May 2023 21:01:45 GMT -
GET /api-docs/swagger-ui.css 304 - - 6.299 ms Tue, 30 May 2023 21:01:45 GMT -
GET /api-docs/swagger-ui-bundle.js 304 - - 5.738 ms Tue, 30 May 2023 21:01:45 GMT -
GET /api-docs/swagger-ui-standalone-preset.js 304 - - 5.573 ms Tue, 30 May 2023 21:01:45 GMT -
GET /api-docs/favicon-32x32.png 304 - - 0.959 ms Tue, 30 May 2023 21:01:45 GMT -
GET /api-docs/ 304 - - 2.587 ms Tue, 30 May 2023 21:01:56 GMT -
GET /api-docs/swagger-ui.css 304 - - 1.798 ms Tue, 30 May 2023 21:01:56 GMT -
GET /api-docs/swagger-ui-bundle.js 304 - - 3.002 ms Tue, 30 May 2023 21:01:56 GMT -
GET /api-docs/swagger-ui-init.js 304 - - 2.145 ms Tue, 30 May 2023 21:01:56 GMT -
GET /api-docs/swagger-ui-standalone-preset.js 304 - - 3.681 ms Tue, 30 May 2023 21:01:56 GMT -
GET /api-docs/favicon-32x32.png 304 - - 1.029 ms Tue, 30 May 2023 21:01:56 GMT -
GET /api-docs/ 304 - - 1.713 ms Tue, 30 May 2023 21:01:56 GMT -
GET /api-docs/swagger-ui-init.js 304 - - 0.983 ms Tue, 30 May 2023 21:01:56 GMT -
GET /api-docs/swagger-ui.css 304 - - 3.880 ms Tue, 30 May 2023 21:01:56 GMT -
GET /api-docs/swagger-ui-bundle.js 304 - - 3.485 ms Tue, 30 May 2023 21:01:56 GMT -
GET /api-docs/swagger-ui-standalone-preset.js 304 - - 3.360 ms Tue, 30 May 2023 21:01:56 GMT -
GET /api-docs/favicon-32x32.png 304 - - 0.915 ms Tue, 30 May 2023 21:01:56 GMT -
GET /api-docs/ 304 - - 8.315 ms Tue, 30 May 2023 21:20:30 GMT -
GET /api-docs/swagger-ui.css 304 - - 4.728 ms Tue, 30 May 2023 21:20:30 GMT -
GET /api-docs/swagger-ui-bundle.js 304 - - 5.562 ms Tue, 30 May 2023 21:20:30 GMT -
GET /api-docs/swagger-ui-init.js 304 - - 2.121 ms Tue, 30 May 2023 21:20:30 GMT -
GET /api-docs/swagger-ui-standalone-preset.js 304 - - 3.612 ms Tue, 30 May 2023 21:20:30 GMT -
GET /api-docs/favicon-32x32.png 304 - - 1.512 ms Tue, 30 May 2023 21:20:30 GMT -
GET /api-docs/ 304 - - 8.509 ms Tue, 30 May 2023 21:23:38 GMT -
GET /api-docs/swagger-ui.css 304 - - 6.479 ms Tue, 30 May 2023 21:23:38 GMT -
GET /api-docs/swagger-ui-bundle.js 304 - - 5.896 ms Tue, 30 May 2023 21:23:38 GMT -
GET /api-docs/swagger-ui-init.js 304 - - 3.698 ms Tue, 30 May 2023 21:23:38 GMT -
GET /api-docs/swagger-ui-standalone-preset.js 304 - - 5.669 ms Tue, 30 May 2023 21:23:38 GMT -
GET /api-docs/favicon-32x32.png 304 - - 1.388 ms Tue, 30 May 2023 21:23:38 GMT -
GET /api-docs/ 304 - - 1.895 ms Tue, 30 May 2023 21:23:40 GMT -
GET /api-docs/swagger-ui.css 304 - - 4.062 ms Tue, 30 May 2023 21:23:40 GMT -
GET /api-docs/swagger-ui-bundle.js 304 - - 3.670 ms Tue, 30 May 2023 21:23:40 GMT -
GET /api-docs/swagger-ui-standalone-preset.js 304 - - 3.510 ms Tue, 30 May 2023 21:23:40 GMT -
GET /api-docs/swagger-ui-init.js 304 - - 3.519 ms Tue, 30 May 2023 21:23:40 GMT -
GET /api-docs/favicon-32x32.png 304 - - 0.896 ms Tue, 30 May 2023 21:23:40 GMT -
GET /api-docs/ 304 - - 8.596 ms Tue, 30 May 2023 21:30:50 GMT -
GET /api-docs/swagger-ui.css 304 - - 5.894 ms Tue, 30 May 2023 21:30:50 GMT -
GET /api-docs/swagger-ui-bundle.js 304 - - 7.377 ms Tue, 30 May 2023 21:30:50 GMT -
GET /api-docs/swagger-ui-init.js 200 - - 10.151 ms Tue, 30 May 2023 21:30:50 GMT -
GET /api-docs/swagger-ui-standalone-preset.js 304 - - 12.723 ms Tue, 30 May 2023 21:30:50 GMT -
GET /api-docs/favicon-32x32.png 304 - - 1.116 ms Tue, 30 May 2023 21:30:50 GMT -
GET /api-docs/ 304 - - 8.073 ms Tue, 30 May 2023 21:33:43 GMT -
GET /api-docs/swagger-ui.css 304 - - 5.627 ms Tue, 30 May 2023 21:33:43 GMT -
GET /api-docs/swagger-ui-bundle.js 304 - - 5.234 ms Tue, 30 May 2023 21:33:43 GMT -
GET /api-docs/swagger-ui-init.js 200 - - 4.144 ms Tue, 30 May 2023 21:33:43 GMT -
GET /api-docs/swagger-ui-standalone-preset.js 304 - - 7.241 ms Tue, 30 May 2023 21:33:43 GMT -
GET /api-docs/favicon-32x32.png 304 - - 1.326 ms Tue, 30 May 2023 21:33:43 GMT -
GET /api-docs/ 304 - - 1.900 ms Tue, 30 May 2023 21:33:59 GMT -
GET /api-docs/swagger-ui-init.js 304 - - 1.615 ms Tue, 30 May 2023 21:33:59 GMT -
GET /api-docs/swagger-ui.css 304 - - 6.470 ms Tue, 30 May 2023 21:33:59 GMT -
GET /api-docs/swagger-ui-bundle.js 304 - - 6.560 ms Tue, 30 May 2023 21:33:59 GMT -
GET /api-docs/swagger-ui-standalone-preset.js 304 - - 5.814 ms Tue, 30 May 2023 21:33:59 GMT -
GET /api-docs/favicon-32x32.png 304 - - 1.346 ms Tue, 30 May 2023 21:34:00 GMT -
GET /api-docs/ 304 - - 7.851 ms Tue, 30 May 2023 21:36:23 GMT -
GET /api-docs/swagger-ui.css 304 - - 5.927 ms Tue, 30 May 2023 21:36:23 GMT -
GET /api-docs/swagger-ui-bundle.js 304 - - 5.598 ms Tue, 30 May 2023 21:36:23 GMT -
GET /api-docs/swagger-ui-standalone-preset.js 304 - - 4.314 ms Tue, 30 May 2023 21:36:23 GMT -
GET /api-docs/swagger-ui-init.js 200 - - 3.101 ms Tue, 30 May 2023 21:36:23 GMT -
GET /api-docs/favicon-32x32.png 304 - - 1.077 ms Tue, 30 May 2023 21:36:23 GMT -
GET /api-docs/ 304 - - 9.251 ms Tue, 30 May 2023 21:38:11 GMT -
GET /api-docs/swagger-ui.css 304 - - 5.213 ms Tue, 30 May 2023 21:38:11 GMT -
GET /api-docs/swagger-ui-bundle.js 304 - - 4.882 ms Tue, 30 May 2023 21:38:11 GMT -
GET /api-docs/swagger-ui-standalone-preset.js 304 - - 4.596 ms Tue, 30 May 2023 21:38:11 GMT -
GET /api-docs/swagger-ui-init.js 304 - - 1.636 ms Tue, 30 May 2023 21:38:11 GMT -
GET /api-docs/favicon-32x32.png 304 - - 0.944 ms Tue, 30 May 2023 21:38:11 GMT -
GET /api-docs/ 304 - - 8.599 ms Tue, 30 May 2023 21:45:18 GMT -
GET /api-docs/swagger-ui.css 304 - - 6.934 ms Tue, 30 May 2023 21:45:18 GMT -
GET /api-docs/swagger-ui-bundle.js 304 - - 6.627 ms Tue, 30 May 2023 21:45:18 GMT -
GET /api-docs/swagger-ui-init.js 200 - - 4.071 ms Tue, 30 May 2023 21:45:18 GMT -
GET /api-docs/swagger-ui-standalone-preset.js 304 - - 6.837 ms Tue, 30 May 2023 21:45:18 GMT -
GET /api-docs/favicon-32x32.png 304 - - 1.163 ms Tue, 30 May 2023 21:45:19 GMT -
GET /api-docs/ 304 - - 8.118 ms Tue, 30 May 2023 21:51:26 GMT -
GET /api-docs/swagger-ui.css 304 - - 6.533 ms Tue, 30 May 2023 21:51:26 GMT -
GET /api-docs/swagger-ui-bundle.js 304 - - 5.693 ms Tue, 30 May 2023 21:51:26 GMT -
GET /api-docs/swagger-ui-standalone-preset.js 304 - - 5.004 ms Tue, 30 May 2023 21:51:26 GMT -
GET /api-docs/swagger-ui-init.js 200 - - 1.055 ms Tue, 30 May 2023 21:51:26 GMT -
GET /api-docs/favicon-32x32.png 304 - - 1.015 ms Tue, 30 May 2023 21:51:26 GMT -
GET /alum?page=1&limit=10 200 - - 355.586 ms Tue, 30 May 2023 21:51:37 GMT -
GET /api-docs/ 304 - - 7.826 ms Tue, 30 May 2023 21:54:06 GMT -
GET /api-docs/swagger-ui.css 304 - - 6.103 ms Tue, 30 May 2023 21:54:07 GMT -
GET /api-docs/swagger-ui-bundle.js 304 - - 4.393 ms Tue, 30 May 2023 21:54:07 GMT -
GET /api-docs/swagger-ui-standalone-preset.js 304 - - 4.548 ms Tue, 30 May 2023 21:54:07 GMT -
GET /api-docs/swagger-ui-init.js 200 - - 2.569 ms Tue, 30 May 2023 21:54:07 GMT -
GET /api-docs/favicon-32x32.png 304 - - 1.302 ms Tue, 30 May 2023 21:54:07 GMT -
GET /api-docs/ 304 - - 8.886 ms Tue, 30 May 2023 21:54:38 GMT -
GET /api-docs/swagger-ui.css 304 - - 9.028 ms Tue, 30 May 2023 21:54:38 GMT -
GET /api-docs/swagger-ui-bundle.js 304 - - 9.357 ms Tue, 30 May 2023 21:54:38 GMT -
GET /api-docs/swagger-ui-init.js 200 - - 6.706 ms Tue, 30 May 2023 21:54:38 GMT -
GET /api-docs/swagger-ui-standalone-preset.js 304 - - 9.844 ms Tue, 30 May 2023 21:54:38 GMT -
GET /api-docs/ 304 - - 1.718 ms Tue, 30 May 2023 21:54:39 GMT -
GET /api-docs/swagger-ui-init.js 304 - - 1.947 ms Tue, 30 May 2023 21:54:39 GMT -
GET /api-docs/swagger-ui.css 304 - - 5.084 ms Tue, 30 May 2023 21:54:39 GMT -
GET /api-docs/swagger-ui-bundle.js 304 - - 5.422 ms Tue, 30 May 2023 21:54:39 GMT -
GET /api-docs/swagger-ui-standalone-preset.js 304 - - 5.663 ms Tue, 30 May 2023 21:54:39 GMT -
GET /api-docs/favicon-32x32.png 304 - - 1.382 ms Tue, 30 May 2023 21:54:40 GMT -
GET /alum/101 404 - - 59.433 ms Tue, 30 May 2023 21:55:20 GMT -
GET /api-docs/ 304 - - 9.012 ms Tue, 30 May 2023 21:59:23 GMT -
GET /api-docs/swagger-ui.css 304 - - 5.839 ms Tue, 30 May 2023 21:59:23 GMT -
GET /api-docs/swagger-ui-bundle.js 304 - - 5.228 ms Tue, 30 May 2023 21:59:23 GMT -
GET /api-docs/swagger-ui-standalone-preset.js 304 - - 5.551 ms Tue, 30 May 2023 21:59:23 GMT -
GET /api-docs/swagger-ui-init.js 200 - - 2.662 ms Tue, 30 May 2023 21:59:23 GMT -
GET /api-docs/favicon-32x32.png 304 - - 2.158 ms Tue, 30 May 2023 21:59:24 GMT -
POST /alum 201 - - 229.768 ms Tue, 30 May 2023 22:00:40 GMT application/json
GET /alum?page=1&limit=100 200 - - 15.477 ms Tue, 30 May 2023 22:01:06 GMT -
GET /alum/1 200 - - 12.588 ms Tue, 30 May 2023 22:02:05 GMT -
GET /alum/10 404 - - 6.411 ms Tue, 30 May 2023 22:02:15 GMT -
PUT /alum/1 200 - - 53.032 ms Tue, 30 May 2023 22:04:12 GMT application/json
GET /alum/1 200 - - 9.377 ms Tue, 30 May 2023 22:04:27 GMT -
GET /api-docs/ 304 - - 12.230 ms Tue, 30 May 2023 22:17:18 GMT -
GET /api-docs/swagger-ui.css 304 - - 8.003 ms Tue, 30 May 2023 22:17:18 GMT -
GET /api-docs/swagger-ui-init.js 200 - - 1.948 ms Tue, 30 May 2023 22:17:18 GMT -
GET /api-docs/swagger-ui-bundle.js 304 - - 6.994 ms Tue, 30 May 2023 22:17:18 GMT -
GET /api-docs/swagger-ui-standalone-preset.js 304 - - 6.463 ms Tue, 30 May 2023 22:17:18 GMT -
POST /alum 201 - - 128.434 ms Tue, 30 May 2023 22:18:50 GMT application/json
GET /alum/2 200 - - 17.705 ms Tue, 30 May 2023 22:19:04 GMT -
GET /api-docs/ 304 - - 10.424 ms Tue, 30 May 2023 23:40:37 GMT -
GET /api-docs/swagger-ui.css 304 - - 42.852 ms Tue, 30 May 2023 23:40:37 GMT -
GET /api-docs/swagger-ui-bundle.js 304 - - 42.503 ms Tue, 30 May 2023 23:40:37 GMT -
GET /api-docs/swagger-ui-init.js 304 - - 41.351 ms Tue, 30 May 2023 23:40:37 GMT -
GET /api-docs/swagger-ui-standalone-preset.js 304 - - 43.980 ms Tue, 30 May 2023 23:40:37 GMT -
GET /car 500 - - 285.696 ms Tue, 30 May 2023 23:48:36 GMT -
GET /favicon.ico 404 - - 2175.404 ms Tue, 30 May 2023 23:48:38 GMT -
GET /api-docs/ 304 - - 10.230 ms Wed, 31 May 2023 00:00:54 GMT -
GET /api-docs/swagger-ui.css 304 - - 7.373 ms Wed, 31 May 2023 00:00:54 GMT -
GET /api-docs/swagger-ui-bundle.js 304 - - 6.776 ms Wed, 31 May 2023 00:00:54 GMT -
GET /api-docs/swagger-ui-init.js 200 - - 4.735 ms Wed, 31 May 2023 00:00:54 GMT -
GET /api-docs/swagger-ui-standalone-preset.js 304 - - 9.363 ms Wed, 31 May 2023 00:00:54 GMT -
GET /api-docs/ 304 - - 8.417 ms Wed, 31 May 2023 00:06:45 GMT -
GET /api-docs/swagger-ui.css 304 - - 6.848 ms Wed, 31 May 2023 00:06:45 GMT -
GET /api-docs/swagger-ui-bundle.js 304 - - 4.996 ms Wed, 31 May 2023 00:06:45 GMT -
GET /api-docs/swagger-ui-standalone-preset.js 304 - - 4.625 ms Wed, 31 May 2023 00:06:45 GMT -
GET /api-docs/swagger-ui-init.js 200 - - 1.031 ms Wed, 31 May 2023 00:06:45 GMT -
GET /api-docs/favicon-32x32.png 304 - - 1.151 ms Wed, 31 May 2023 00:06:45 GMT -
GET /api-docs/ 200 - - 8.873 ms Wed, 31 May 2023 00:08:39 GMT -
GET /api-docs/swagger-ui.css 304 - - 6.057 ms Wed, 31 May 2023 00:08:39 GMT -
GET /api-docs/swagger-ui-bundle.js 304 - - 5.991 ms Wed, 31 May 2023 00:08:39 GMT -
GET /api-docs/swagger-ui-init.js 200 - - 5.182 ms Wed, 31 May 2023 00:08:39 GMT -
GET /api-docs/swagger-ui-standalone-preset.js 304 - - 7.733 ms Wed, 31 May 2023 00:08:39 GMT -
GET /api-docs/favicon-32x32.png 304 - - 3.094 ms Wed, 31 May 2023 00:08:39 GMT -
GET /api-docs/ 304 - - 8.873 ms Wed, 31 May 2023 02:56:22 GMT -
GET /api-docs/swagger-ui-standalone-preset.js 304 - - 86.365 ms Wed, 31 May 2023 02:56:22 GMT -
GET /api-docs/swagger-ui-bundle.js 304 - - 6.850 ms Wed, 31 May 2023 02:56:22 GMT -
GET /api-docs/swagger-ui-init.js 200 - - 4.411 ms Wed, 31 May 2023 02:56:22 GMT -
GET /api-docs/swagger-ui.css 304 - - 8.987 ms Wed, 31 May 2023 02:56:22 GMT -
GET /car?page=1&limit=100 200 - - 343.750 ms Wed, 31 May 2023 02:57:18 GMT -
GET /mat?page=1&limit=100 200 - - 23.939 ms Wed, 31 May 2023 02:57:45 GMT -
GET /api-docs/ 304 - - 8.696 ms Wed, 31 May 2023 03:02:23 GMT -
GET /api-docs/swagger-ui.css 304 - - 7.470 ms Wed, 31 May 2023 03:02:23 GMT -
GET /api-docs/swagger-ui-bundle.js 304 - - 7.392 ms Wed, 31 May 2023 03:02:23 GMT -
GET /api-docs/swagger-ui-init.js 200 - - 5.168 ms Wed, 31 May 2023 03:02:23 GMT -
GET /api-docs/swagger-ui-standalone-preset.js 304 - - 7.835 ms Wed, 31 May 2023 03:02:23 GMT -
GET /api-docs/favicon-32x32.png 304 - - 1.311 ms Wed, 31 May 2023 03:02:24 GMT -
POST /ins 201 - - 662.705 ms Wed, 31 May 2023 03:03:35 GMT application/json
POST /ins 201 - - 49.650 ms Wed, 31 May 2023 03:03:53 GMT application/json
POST /ins 201 - - 25.497 ms Wed, 31 May 2023 03:04:01 GMT application/json
GET /ins?page=1&limit=100 200 - - 26.133 ms Wed, 31 May 2023 03:04:12 GMT -
GET /api-docs/ 304 - - 16.100 ms Wed, 31 May 2023 03:05:52 GMT -
GET /api-docs/swagger-ui-init.js 304 - - 1.969 ms Wed, 31 May 2023 03:05:52 GMT -
GET /api-docs/swagger-ui.css 304 - - 8.840 ms Wed, 31 May 2023 03:05:52 GMT -
GET /api-docs/swagger-ui-bundle.js 304 - - 9.718 ms Wed, 31 May 2023 03:05:52 GMT -
GET /api-docs/swagger-ui-standalone-preset.js 304 - - 9.230 ms Wed, 31 May 2023 03:05:52 GMT -
GET /api-docs/favicon-32x32.png 304 - - 1.330 ms Wed, 31 May 2023 03:05:53 GMT -
GET /ins?page=1&limit=100 200 - - 72.495 ms Wed, 31 May 2023 03:06:04 GMT -
GET /api-docs/ 304 - - 8.608 ms Wed, 31 May 2023 03:08:08 GMT -
GET /api-docs/swagger-ui.css 304 - - 10.698 ms Wed, 31 May 2023 03:08:08 GMT -
GET /api-docs/swagger-ui-bundle.js 304 - - 11.088 ms Wed, 31 May 2023 03:08:08 GMT -
GET /api-docs/swagger-ui-standalone-preset.js 304 - - 6.631 ms Wed, 31 May 2023 03:08:08 GMT -
GET /api-docs/swagger-ui-init.js 200 - - 1.991 ms Wed, 31 May 2023 03:08:08 GMT -
GET /api-docs/favicon-32x32.png 304 - - 1.233 ms Wed, 31 May 2023 03:08:09 GMT -
GET /mat?page=1&limit=100 304 - - 79.598 ms Wed, 31 May 2023 03:08:14 GMT -
POST /ins 201 - - 71.296 ms Wed, 31 May 2023 03:08:44 GMT application/json
POST /ins 201 - - 26.769 ms Wed, 31 May 2023 03:08:48 GMT application/json
POST /ins 201 - - 30.887 ms Wed, 31 May 2023 03:08:54 GMT application/json
GET /ins?page=1&limit=100 200 - - 10.951 ms Wed, 31 May 2023 03:09:07 GMT -
GET /car?page=1&limit=1232 200 - - 12.476 ms Wed, 31 May 2023 03:09:46 GMT -
GET /car/3 200 - - 14.779 ms Wed, 31 May 2023 03:09:58 GMT -
PUT /car/3 200 - - 35.241 ms Wed, 31 May 2023 03:10:14 GMT application/json
GET /car/3 200 - - 5.450 ms Wed, 31 May 2023 03:10:17 GMT -
DELETE /car/3 200 - - 42.727 ms Wed, 31 May 2023 03:10:31 GMT -
PUT /car/3 404 - - 7.295 ms Wed, 31 May 2023 03:10:45 GMT application/json
GET /api-docs/ 304 - - 9.441 ms Wed, 31 May 2023 03:12:30 GMT -
GET /api-docs/swagger-ui.css 304 - - 6.494 ms Wed, 31 May 2023 03:12:30 GMT -
GET /api-docs/swagger-ui-bundle.js 304 - - 6.901 ms Wed, 31 May 2023 03:12:30 GMT -
GET /api-docs/swagger-ui-init.js 304 - - 5.775 ms Wed, 31 May 2023 03:12:30 GMT -
GET /api-docs/swagger-ui-standalone-preset.js 304 - - 8.481 ms Wed, 31 May 2023 03:12:30 GMT -
GET /api-docs/favicon-32x32.png 304 - - 4.132 ms Wed, 31 May 2023 03:12:30 GMT -
GET /api-docs/ 304 - - 9.541 ms Wed, 31 May 2023 03:13:05 GMT -
GET /api-docs/swagger-ui.css 304 - - 6.425 ms Wed, 31 May 2023 03:13:05 GMT -
GET /api-docs/swagger-ui-bundle.js 304 - - 6.351 ms Wed, 31 May 2023 03:13:05 GMT -
GET /api-docs/swagger-ui-init.js 304 - - 5.841 ms Wed, 31 May 2023 03:13:05 GMT -
GET /api-docs/swagger-ui-standalone-preset.js 304 - - 8.080 ms Wed, 31 May 2023 03:13:05 GMT -
GET /api-docs/favicon-32x32.png 304 - - 2.048 ms Wed, 31 May 2023 03:13:06 GMT -
GET /api-docs/ 304 - - 9.098 ms Wed, 31 May 2023 03:15:12 GMT -
GET /api-docs/swagger-ui.css 304 - - 5.679 ms Wed, 31 May 2023 03:15:12 GMT -
GET /api-docs/swagger-ui-bundle.js 304 - - 5.536 ms Wed, 31 May 2023 03:15:12 GMT -
GET /api-docs/swagger-ui-init.js 304 - - 4.127 ms Wed, 31 May 2023 03:15:12 GMT -
GET /api-docs/swagger-ui-standalone-preset.js 304 - - 7.124 ms Wed, 31 May 2023 03:15:12 GMT -
GET /api-docs/favicon-32x32.png 304 - - 0.919 ms Wed, 31 May 2023 03:15:13 GMT -
GET /api-docs/ 304 - - 9.039 ms Wed, 31 May 2023 03:16:34 GMT -
GET /api-docs/swagger-ui.css 304 - - 6.247 ms Wed, 31 May 2023 03:16:34 GMT -
GET /api-docs/swagger-ui-bundle.js 304 - - 7.024 ms Wed, 31 May 2023 03:16:34 GMT -
GET /api-docs/swagger-ui-standalone-preset.js 304 - - 6.756 ms Wed, 31 May 2023 03:16:34 GMT -
GET /api-docs/swagger-ui-init.js 200 - - 3.844 ms Wed, 31 May 2023 03:16:34 GMT -
GET /api-docs/favicon-32x32.png 304 - - 2.819 ms Wed, 31 May 2023 03:16:34 GMT -
GET /mat?page=1&limit=123 200 - - 77.042 ms Wed, 31 May 2023 03:16:48 GMT -
DELETE /mat/17 200 - - 51.418 ms Wed, 31 May 2023 03:17:06 GMT -
GET /mat?page=1&limit=123 200 - - 9.472 ms Wed, 31 May 2023 03:17:15 GMT -
